
> @website/mytheme_cloud@0.0.1 prepublishOnly D:\Developer\Application\MythemeCloud\Website
> astro build

[31mWebSocket server error: Port is already in use[39m
✘ [ERROR] The build was canceled

00:08:32 [build] output: "static"
00:08:32 [build] directory: D:\Developer\Application\MythemeCloud\Website\Target\
00:08:32 [build] Collecting build info...
00:08:32 [build] ✓ Completed in 568ms.
00:08:32 [build] Building static entrypoints...
00:08:38 [vite] [32m✓ built in 5.75s[39m
00:08:38 [build] ✓ Completed in 5.92s.

 building client (vite) 
00:08:38 [vite] transforming...
00:08:41 [vite] [32m✓[39m 40 modules transformed.
00:08:41 [vite] rendering chunks...
[plugin astro:prefetch] Sourcemap is likely to be incorrect: a plugin (astro:prefetch) was used to transform files, but didn't generate a sourcemap for the transformation. Consult the plugin documentation for help
[plugin astro:transitions] Sourcemap is likely to be incorrect: a plugin (astro:transitions) was used to transform files, but didn't generate a sourcemap for the transformation. Consult the plugin documentation for help
00:08:42 [vite] computing gzip size...
00:08:42 [vite] [2mTarget/[22m[36m_astro/Base.astro_astro_type_script_index_0_lang.Cf5Ay9XO.js             [39m[1m[2m 0.31 kB[22m[1m[22m[2m │ gzip: 0.26 kB[22m[2m │ map:   0.89 kB[22m
00:08:42 [vite] [2mTarget/[22m[36m_astro/index.modern.aa8fLSdp.js                                          [39m[1m[2m 0.92 kB[22m[1m[22m[2m │ gzip: 0.51 kB[22m[2m │ map:   2.09 kB[22m
00:08:42 [vite] [2mTarget/[22m[36m_astro/preload-helper.ygWHROA3.js                                        [39m[1m[2m 1.06 kB[22m[1m[22m[2m │ gzip: 0.65 kB[22m[2m │ map:   0.11 kB[22m
00:08:42 [vite] [2mTarget/[22m[36m_astro/Base.astro_astro_type_script_index_1_lang.9iawse7h.js             [39m[1m[2m 1.09 kB[22m[1m[22m[2m │ gzip: 0.43 kB[22m[2m │ map:   1.02 kB[22m
00:08:42 [vite] [2mTarget/[22m[36m_astro/index.modern.CkIAsQri.js                                          [39m[1m[2m 1.81 kB[22m[1m[22m[2m │ gzip: 0.95 kB[22m[2m │ map:   4.56 kB[22m
00:08:42 [vite] [2mTarget/[22m[36m_astro/page.CY1iZwUD.js                                                  [39m[1m[2m 2.11 kB[22m[1m[22m[2m │ gzip: 1.07 kB[22m[2m │ map:   8.11 kB[22m
00:08:42 [vite] [2mTarget/[22m[36m_astro/index.modern.FjGODCox.js                                          [39m[1m[2m 2.37 kB[22m[1m[22m[2m │ gzip: 1.20 kB[22m[2m │ map:   5.59 kB[22m
00:08:42 [vite] [2mTarget/[22m[36m_astro/index.modern.Dp50zjzP.js                                          [39m[1m[2m 6.08 kB[22m[1m[22m[2m │ gzip: 2.40 kB[22m[2m │ map:  13.21 kB[22m
00:08:42 [vite] [2mTarget/[22m[36m_astro/index.modern.B7ehEGeJ.js                                          [39m[1m[2m 6.09 kB[22m[1m[22m[2m │ gzip: 1.57 kB[22m[2m │ map:   8.81 kB[22m
00:08:42 [vite] [2mTarget/[22m[36m_astro/index.modern.CZr5Eu0Z.js                                          [39m[1m[2m 8.06 kB[22m[1m[22m[2m │ gzip: 2.44 kB[22m[2m │ map:  15.38 kB[22m
00:08:42 [vite] [2mTarget/[22m[36m_astro/ViewTransitions.astro_astro_type_script_index_0_lang.DnFK6dK7.js  [39m[1m[2m13.11 kB[22m[1m[22m[2m │ gzip: 4.62 kB[22m[2m │ map:  35.23 kB[22m
00:08:42 [vite] [2mTarget/[22m[36m_astro/Swup.modern.DSkug2J8.js                                           [39m[1m[2m26.00 kB[22m[1m[22m[2m │ gzip: 9.04 kB[22m[2m │ map:  73.11 kB[22m
00:08:42 [vite] [2mTarget/[22m[36m_astro/index.esm.CDbocLk8.js                                             [39m[1m[2m39.52 kB[22m[1m[22m[2m │ gzip: 9.33 kB[22m[2m │ map: 197.07 kB[22m
00:08:42 [vite] [32m✓ built in 4.64s[39m

 generating static routes 
00:08:42 ▶ Source/pages/index.astro
00:08:42   └─ /index.html (+134ms)
00:08:43 ✓ Completed in 150ms.

00:08:43 [@astrojs/sitemap] `sitemap-index.xml` created at `Target`
Successfully inlined a total of 1 HTML file.
00:08:47 [build] Waiting for integration "@playform/format", hook "astro:build:done"...
Successfully formatted a total of 13 JavaScript and TypeScript files.

 Compress 
✓ Successfully compressed a total of 1 CSS file for 65 Bytes.
✓ Successfully compressed a total of 1 HTML file for 153 Bytes.
✓ Successfully compressed a total of 11 JavaScript files for 42.28 KB.
00:08:49 [build] 1 page(s) built in 18.32s
00:08:49 [build] Complete!
